Build started 6/11/2014 3:32:09 PM.
     1>Project "C:\Users\SHEESH\Desktop\Presish Projects\XvolveTest1\XvolveTest1\XvolveTest1.vcxproj" on node 2 (build target(s)).
     1>InitializeBuildStatus:
         Touching "Debug\XvolveTest1.unsuccessfulbuild".
       ClCompile:
         All outputs are up-to-date.
       ManifestResourceCompile:
         All outputs are up-to-date.
       Link:
         c:\Program Files (x86)\Microsoft Visual Studio 10.0\VC\bin\link.exe /ERRORREPORT:PROMPT /OUT:"C:\Users\SHEESH\Desktop\Presish Projects\XvolveTest1\Debug\XvolveTest1.exe" /INCREMENTAL /NOLOGO kernel32.lib user32.lib gdi32.lib winspool.lib comdlg32.lib advapi32.lib shell32.lib ole32.lib oleaut32.lib uuid.lib odbc32.lib odbccp32.lib /MANIFEST /ManifestFile:"Debug\XvolveTest1.exe.intermediate.manifest" /MANIFESTUAC:"level='asInvoker' uiAccess='false'" /DEBUG /PDB:"C:\Users\SHEESH\Desktop\Presish Projects\XvolveTest1\Debug\XvolveTest1.pdb" /SUBSYSTEM:CONSOLE /TLBID:1 /DYNAMICBASE /NXCOMPAT /IMPLIB:"C:\Users\SHEESH\Desktop\Presish Projects\XvolveTest1\Debug\XvolveTest1.lib" /MACHINE:X86 Debug\XvolveTest1.exe.embed.manifest.res
         Debug\main.obj
         Debug\test.obj
     1>test.obj : error LNK2005: _main already defined in main.obj
     1>LINK : fatal error LNK1123: failure during conversion to COFF: file invalid or corrupt
     1>Done Building Project "C:\Users\SHEESH\Desktop\Presish Projects\XvolveTest1\XvolveTest1\XvolveTest1.vcxproj" (build target(s)) -- FAILED.

Build FAILED.

Time Elapsed 00:00:25.79
